[0m2021.02.03 17:03:41 INFO  Started: Metals version 0.9.10 in workspace '/Users/andrei/Documents/blomo' for client vscode 1.52.1.[0m
[0m2021.02.03 17:03:42 INFO  time: initialize in 0.41s[0m
[0m2021.02.03 17:03:42 WARN  Build server is not auto-connectable.[0m
[0m2021.02.03 17:03:42 WARN  no build target for: /Users/andrei/Documents/blomo/build.sbt[0m
[0m2021.02.03 17:03:44 INFO  no build target: using presentation compiler with only scala-library[0m
[0m2021.02.03 17:03:45 INFO  running '/Users/andrei/.sdkman/candidates/java/current/bin/java -Djline.terminal=jline.UnsupportedTerminal -Dsbt.log.noformat=true -Dfile.encoding=UTF-8 -jar /var/folders/__/xhxrtfts6074s_84n3cd_9q00000gp/T/metals7789612597754936502/sbt-launch.jar -Dbloop.export-jar-classifiers=sources bloopInstall'[0m
[0m2021.02.03 17:03:45 WARN  no build target for: /Users/andrei/Documents/blomo/project/metals.sbt[0m
[0m2021.02.03 17:03:45 WARN  no build target for: /Users/andrei/Documents/blomo/project/project/metals.sbt[0m
[0m2021.02.03 17:03:45 WARN  Unable to produce semanticdb for /Users/andrei/Documents/blomo/project/project/metals.sbt[0m
[0m2021.02.03 17:03:45 WARN  Unable to produce semanticdb for /Users/andrei/Documents/blomo/project/metals.sbt[0m
[0m2021.02.03 17:03:45 INFO  skipping build import with status 'Started'[0m
[0m2021.02.03 17:03:45 ERROR [info] [launcher] getting org.scala-sbt sbt 1.4.7  (this may take some time)...[0m
[0m2021.02.03 17:03:50 ERROR downloading https://repo1.maven.org/maven2/org/scala-sbt/sbt/1.4.7/sbt-1.4.7.jar ...[0m
[0m2021.02.03 17:03:50 ERROR downloading https://repo1.maven.org/maven2/org/scala-sbt/main_2.12/1.4.7/main_2.12-1.4.7.jar ...[0m
[0m2021.02.03 17:03:50 ERROR downloading https://repo1.maven.org/maven2/org/scala-sbt/logic_2.12/1.4.7/logic_2.12-1.4.7.jar ...[0m
[0m2021.02.03 17:03:50 ERROR downloading https://repo1.maven.org/maven2/org/scala-sbt/actions_2.12/1.4.7/actions_2.12-1.4.7.jar ...[0m
[0m2021.02.03 17:03:50 ERROR :: loading settings :: url = jar:file:/private/var/folders/__/xhxrtfts6074s_84n3cd_9q00000gp/T/metals7789612597754936502/sbt-launch.jar!/org/apache/ivy/core/settings/ivysettings.xml[0m
[0m2021.02.03 17:03:50 ERROR downloading https://repo1.maven.org/maven2/org/scala-sbt/main-settings_2.12/1.4.7/main-settings_2.12-1.4.7.jar ...[0m
[0m2021.02.03 17:03:50 ERROR downloading https://repo1.maven.org/maven2/org/scala-sbt/run_2.12/1.4.7/run_2.12-1.4.7.jar ...[0m
[0m2021.02.03 17:03:50 ERROR :: loading settings :: url = jar:file:/private/var/folders/__/xhxrtfts6074s_84n3cd_9q00000gp/T/metals7789612597754936502/sbt-launch.jar!/org/apache/ivy/core/settings/ivysettings.xml[0m
[0m2021.02.03 17:03:50 ERROR downloading https://repo1.maven.org/maven2/org/scala-sbt/command_2.12/1.4.7/command_2.12-1.4.7.jar ...[0m
[0m2021.02.03 17:03:50 ERROR downloading https://repo1.maven.org/maven2/org/scala-sbt/collections_2.12/1.4.7/collections_2.12-1.4.7.jar ...[0m
[0m2021.02.03 17:03:50 ERROR downloading https://repo1.maven.org/maven2/org/scala-sbt/scripted-plugin_2.12/1.4.7/scripted-plugin_2.12-1.4.7.jar ...[0m
[0m2021.02.03 17:03:50 ERROR downloading https://repo1.maven.org/maven2/org/scala-sbt/zinc-lm-integration_2.12/1.4.7/zinc-lm-integration_2.12-1.4.7.jar ...[0m
[0m2021.02.03 17:03:50 ERROR :: loading settings :: url = jar:file:/private/var/folders/__/xhxrtfts6074s_84n3cd_9q00000gp/T/metals7789612597754936502/sbt-launch.jar!/org/apache/ivy/core/settings/ivysettings.xml[0m
[0m2021.02.03 17:03:50 ERROR :: loading settings :: url = jar:file:/private/var/folders/__/xhxrtfts6074s_84n3cd_9q00000gp/T/metals7789612597754936502/sbt-launch.jar!/org/apache/ivy/core/settings/ivysettings.xml[0m
[0m2021.02.03 17:03:50 ERROR :: loading settings :: url = jar:file:/private/var/folders/__/xhxrtfts6074s_84n3cd_9q00000gp/T/metals7789612597754936502/sbt-launch.jar!/org/apache/ivy/core/settings/ivysettings.xml[0m
[0m2021.02.03 17:03:50 ERROR :: loading settings :: url = jar:file:/private/var/folders/__/xhxrtfts6074s_84n3cd_9q00000gp/T/metals7789612597754936502/sbt-launch.jar!/org/apache/ivy/core/settings/ivysettings.xml[0m
[0m2021.02.03 17:03:50 ERROR :: loading settings :: url = jar:file:/private/var/folders/__/xhxrtfts6074s_84n3cd_9q00000gp/T/metals7789612597754936502/sbt-launch.jar!/org/apache/ivy/core/settings/ivysettings.xml[0m
[0m2021.02.03 17:03:50 ERROR :: loading settings :: url = jar:file:/private/var/folders/__/xhxrtfts6074s_84n3cd_9q00000gp/T/metals7789612597754936502/sbt-launch.jar!/org/apache/ivy/core/settings/ivysettings.xml[0m
[0m2021.02.03 17:03:50 ERROR :: loading settings :: url = jar:file:/private/var/folders/__/xhxrtfts6074s_84n3cd_9q00000gp/T/metals7789612597754936502/sbt-launch.jar!/org/apache/ivy/core/settings/ivysettings.xml[0m
[0m2021.02.03 17:03:50 ERROR downloading https://repo1.maven.org/maven2/org/scala-sbt/util-logging_2.12/1.4.7/util-logging_2.12-1.4.7.jar ...[0m
[0m2021.02.03 17:03:50 ERROR :: loading settings :: url = jar:file:/private/var/folders/__/xhxrtfts6074s_84n3cd_9q00000gp/T/metals7789612597754936502/sbt-launch.jar!/org/apache/ivy/core/settings/ivysettings.xml[0m
[0m2021.02.03 17:03:50 ERROR :: loading settings :: url = jar:file:/private/var/folders/__/xhxrtfts6074s_84n3cd_9q00000gp/T/metals7789612597754936502/sbt-launch.jar!/org/apache/ivy/core/settings/ivysettings.xml[0m
[0m2021.02.03 17:03:50 ERROR :: loading settings :: url = jar:file:/private/var/folders/__/xhxrtfts6074s_84n3cd_9q00000gp/T/metals7789612597754936502/sbt-launch.jar!/org/apache/ivy/core/settings/ivysettings.xml[0m
[0m2021.02.03 17:03:50 ERROR downloading https://repo1.maven.org/maven2/io/get-coursier/lm-coursier-shaded_2.12/2.0.6/lm-coursier-shaded_2.12-2.0.6.jar ...[0m
[0m2021.02.03 17:03:50 ERROR 	[SUCCESSFUL ] org.scala-sbt#scripted-plugin_2.12;1.4.7!scripted-plugin_2.12.jar (65ms)[0m
[0m2021.02.03 17:03:50 ERROR downloading https://repo1.maven.org/maven2/org/scala-sbt/util-relation_2.12/1.4.7/util-relation_2.12-1.4.7.jar ...[0m
[0m2021.02.03 17:03:50 ERROR 	[SUCCESSFUL ] org.scala-sbt#logic_2.12;1.4.7!logic_2.12.jar (83ms)[0m
[0m2021.02.03 17:03:50 ERROR downloading https://repo1.maven.org/maven2/org/scala-sbt/util-position_2.12/1.4.7/util-position_2.12-1.4.7.jar ...[0m
[0m2021.02.03 17:03:50 ERROR 	[SUCCESSFUL ] org.scala-sbt#sbt;1.4.7!sbt.jar (87ms)[0m
[0m2021.02.03 17:03:50 ERROR 	[SUCCESSFUL ] org.scala-sbt#run_2.12;1.4.7!run_2.12.jar (87ms)[0m
[0m2021.02.03 17:03:50 ERROR downloading https://repo1.maven.org/maven2/org/scala-sbt/task-system_2.12/1.4.7/task-system_2.12-1.4.7.jar ...[0m
[0m2021.02.03 17:03:50 ERROR downloading https://repo1.maven.org/maven2/org/scala-sbt/completion_2.12/1.4.7/completion_2.12-1.4.7.jar ...[0m
[0m2021.02.03 17:03:50 ERROR 	[SUCCESSFUL ] org.scala-sbt#actions_2.12;1.4.7!actions_2.12.jar (112ms)[0m
[0m2021.02.03 17:03:50 ERROR downloading https://repo1.maven.org/maven2/org/scala-sbt/tasks_2.12/1.4.7/tasks_2.12-1.4.7.jar ...[0m
[0m2021.02.03 17:03:50 ERROR 	[SUCCESSFUL ] org.scala-sbt#util-position_2.12;1.4.7!util-position_2.12.jar (58ms)[0m
[0m2021.02.03 17:03:50 ERROR 	[SUCCESSFUL ] org.scala-sbt#zinc-lm-integration_2.12;1.4.7!zinc-lm-integration_2.12.jar (135ms)[0m
[0m2021.02.03 17:03:50 ERROR downloading https://repo1.maven.org/maven2/org/scala-sbt/testing_2.12/1.4.7/testing_2.12-1.4.7.jar ...[0m
[0m2021.02.03 17:03:50 ERROR downloading https://repo1.maven.org/maven2/org/scala-sbt/util-tracking_2.12/1.4.7/util-tracking_2.12-1.4.7.jar ...[0m
[0m2021.02.03 17:03:50 ERROR 	[SUCCESSFUL ] org.scala-sbt#util-relation_2.12;1.4.7!util-relation_2.12.jar (66ms)[0m
[0m2021.02.03 17:03:50 ERROR downloading https://repo1.maven.org/maven2/org/scala-sbt/util-control_2.12/1.4.7/util-control_2.12-1.4.7.jar ...[0m
[0m2021.02.03 17:03:50 ERROR 	[SUCCESSFUL ] org.scala-sbt#util-logging_2.12;1.4.7!util-logging_2.12.jar (142ms)[0m
[0m2021.02.03 17:03:50 ERROR 	[SUCCESSFUL ] org.scala-sbt#collections_2.12;1.4.7!collections_2.12.jar (159ms)[0m
[0m2021.02.03 17:03:50 ERROR 	[SUCCESSFUL ] org.scala-sbt#command_2.12;1.4.7!command_2.12.jar (160ms)[0m
[0m2021.02.03 17:03:50 ERROR downloading https://repo1.maven.org/maven2/org/scala-sbt/util-interface/1.4.7/util-interface-1.4.7.jar ...[0m
[0m2021.02.03 17:03:50 ERROR downloading https://repo1.maven.org/maven2/org/scala-sbt/core-macros_2.12/1.4.7/core-macros_2.12-1.4.7.jar ...[0m
[0m2021.02.03 17:03:50 ERROR 	[SUCCESSFUL ] org.scala-sbt#task-system_2.12;1.4.7!task-system_2.12.jar (77ms)[0m
[0m2021.02.03 17:03:50 ERROR downloading https://repo1.maven.org/maven2/org/scala-sbt/util-cache_2.12/1.4.7/util-cache_2.12-1.4.7.jar ...[0m
[0m2021.02.03 17:03:50 ERROR downloading https://repo1.maven.org/maven2/org/scala-sbt/test-agent/1.4.7/test-agent-1.4.7.jar ...[0m
[0m2021.02.03 17:03:50 ERROR 	[SUCCESSFUL ] org.scala-sbt#tasks_2.12;1.4.7!tasks_2.12.jar (59ms)[0m
[0m2021.02.03 17:03:50 ERROR downloading https://repo1.maven.org/maven2/org/scala-sbt/protocol_2.12/1.4.7/protocol_2.12-1.4.7.jar ...[0m
[0m2021.02.03 17:03:50 ERROR 	[SUCCESSFUL ] org.scala-sbt#util-tracking_2.12;1.4.7!util-tracking_2.12.jar (47ms)[0m
[0m2021.02.03 17:03:50 ERROR 	[SUCCESSFUL ] org.scala-sbt#main-settings_2.12;1.4.7!main-settings_2.12.jar (191ms)[0m
[0m2021.02.03 17:03:50 ERROR 	[SUCCESSFUL ] org.scala-sbt#util-interface;1.4.7!util-interface.jar (38ms)[0m
[0m2021.02.03 17:03:50 ERROR 	[SUCCESSFUL ] org.scala-sbt#testing_2.12;1.4.7!testing_2.12.jar (62ms)[0m
[0m2021.02.03 17:03:50 ERROR 	[SUCCESSFUL ] org.scala-sbt#util-control_2.12;1.4.7!util-control_2.12.jar (56ms)[0m
[0m2021.02.03 17:03:50 ERROR 	[SUCCESSFUL ] org.scala-sbt#test-agent;1.4.7!test-agent.jar (36ms)[0m
[0m2021.02.03 17:03:50 ERROR 	[SUCCESSFUL ] org.scala-sbt#completion_2.12;1.4.7!completion_2.12.jar (116ms)[0m
[0m2021.02.03 17:03:50 ERROR 	[SUCCESSFUL ] org.scala-sbt#core-macros_2.12;1.4.7!core-macros_2.12.jar (51ms)[0m
[0m2021.02.03 17:03:50 ERROR 	[SUCCESSFUL ] org.scala-sbt#util-cache_2.12;1.4.7!util-cache_2.12.jar (53ms)[0m
[0m2021.02.03 17:03:50 ERROR 	[SUCCESSFUL ] org.scala-sbt#protocol_2.12;1.4.7!protocol_2.12.jar (116ms)[0m
[0m2021.02.03 17:03:50 ERROR 	[SUCCESSFUL ] org.scala-sbt#main_2.12;1.4.7!main_2.12.jar (432ms)[0m
[0m2021.02.03 17:03:50 ERROR 	[SUCCESSFUL ] io.get-coursier#lm-coursier-shaded_2.12;2.0.6!lm-coursier-shaded_2.12.jar (442ms)[0m
[0m2021.02.03 17:03:50 ERROR :: retrieving :: org.scala-sbt#boot-app[0m
[0m2021.02.03 17:03:50 ERROR 	confs: [default][0m
[0m2021.02.03 17:03:50 ERROR 	84 artifacts copied, 0 already retrieved[0m
[0m2021.02.03 17:03:51 INFO  [info] welcome to sbt 1.4.7 (AdoptOpenJDK Java 1.8.0_275)[0m
[0m2021.02.03 17:03:53 INFO  [info] loading global plugins from /Users/andrei/.sbt/1.0/plugins[0m
[0m2021.02.03 17:03:57 INFO  [info] loading settings for project blomo-build-build-build from metals.sbt ...[0m
[0m2021.02.03 17:03:57 INFO  [info] loading project definition from /Users/andrei/Documents/blomo/project/project/project[0m
[0m2021.02.03 17:03:58 INFO  [info] loading settings for project blomo-build-build from metals.sbt ...[0m
[0m2021.02.03 17:03:58 INFO  [info] loading project definition from /Users/andrei/Documents/blomo/project/project[0m
[0m2021.02.03 17:03:59 INFO  [success] Generated .bloop/blomo-build-build.json[0m
[0m2021.02.03 17:03:59 INFO  [success] Total time: 1 s, completed 03-Feb-2021 17:03:59[0m
[0m2021.02.03 17:04:00 INFO  [info] loading settings for project blomo-build from metals.sbt,plugins.sbt ...[0m
[0m2021.02.03 17:04:00 INFO  [info] loading project definition from /Users/andrei/Documents/blomo/project[0m
[0m2021.02.03 17:04:02 INFO  [success] Generated .bloop/blomo-build.json[0m
[0m2021.02.03 17:04:02 INFO  [success] Total time: 1 s, completed 03-Feb-2021 17:04:02[0m
[0m2021.02.03 17:04:03 INFO  [info] loading settings for project root from build.sbt ...[0m
[0m2021.02.03 17:04:03 INFO  [info] set current project to blomo (in build file:/Users/andrei/Documents/blomo/)[0m
[0m2021.02.03 17:04:03 INFO  [warn] There may be incompatibilities among your library dependencies; run 'evicted' to see detailed eviction warnings.[0m
[0m2021.02.03 17:04:04 INFO  [warn] There may be incompatibilities among your library dependencies; run 'evicted' to see detailed eviction warnings.[0m
[0m2021.02.03 17:04:04 INFO  [success] Generated .bloop/root.json[0m
[0m2021.02.03 17:04:04 INFO  [success] Generated .bloop/root-test.json[0m
[0m2021.02.03 17:04:04 INFO  [success] Total time: 1 s, completed 03-Feb-2021 17:04:04[0m
[0m2021.02.03 17:04:04 INFO  sbt bloopInstall exit: 0[0m
[0m2021.02.03 17:04:04 INFO  time: ran 'sbt bloopInstall' in 19s[0m
[0m2021.02.03 17:04:04 INFO  Attempting to connect to the build server...[0m
Starting the bsp launcher for bloop...
Opening a bsp server connection with 'bsp --protocol local --socket /var/folders/__/xhxrtfts6074s_84n3cd_9q00000gp/T/bsp-launcher8284335093903406082/bsp.socket'...
Waiting for the bsp connection to come up...
Waiting for the bsp connection to come up...
[0m2021.02.03 17:04:07 WARN  no build target for: /Users/andrei/Documents/blomo/src/main/scala/dmndpl/blomo/HelloWorld.scala[0m
Waiting for the bsp connection to come up...
No server running at 127.0.0.1:8212, let's fire one...
Resolving ch.epfl.scala:bloop-frontend_2.12:1.4.6-21-464e4ec4...
Starting bloop server at 127.0.0.1:8212...
Attempting a connection to the server...
Attempting a connection to the server...
Attempting a connection to the server...
Attempting a connection to the server...
Attempting a connection to the server...
[0m[32m[D][0m Loading 2 projects from '/Users/andrei/Documents/blomo/.bloop'...
[0m[32m[D][0m Loading project from '/Users/andrei/Documents/blomo/.bloop/root.json'
[0m[32m[D][0m Loading project from '/Users/andrei/Documents/blomo/.bloop/root-test.json'
[0m[32m[D][0m Cache miss for scala instance org.scala-lang:scala-compiler:2.13.4.
[0m[32m[D][0m   => /Users/andrei/Library/Caches/Coursier/v1/https/repo1.maven.org/maven2/net/java/dev/jna/jna/5.3.1/jna-5.3.1.jar
[0m[32m[D][0m   => /Users/andrei/Library/Caches/Coursier/v1/https/repo1.maven.org/maven2/org/jline/jline/3.16.0/jline-3.16.0.jar
[0m[32m[D][0m   => /Users/andrei/Library/Caches/Coursier/v1/https/repo1.maven.org/maven2/org/scala-lang/scala-compiler/2.13.4/scala-compiler-2.13.4.jar
[0m[32m[D][0m   => /Users/andrei/Library/Caches/Coursier/v1/https/repo1.maven.org/maven2/org/scala-lang/scala-library/2.13.4/scala-library-2.13.4.jar
[0m[32m[D][0m   => /Users/andrei/Library/Caches/Coursier/v1/https/repo1.maven.org/maven2/org/scala-lang/scala-reflect/2.13.4/scala-reflect-2.13.4.jar
[0m[32m[D][0m Missing analysis file for project 'root-test'
[0m[32m[D][0m Missing analysis file for project 'root'
[0m[32m[D][0m Waiting for a connection at local:///var/folders/__/xhxrtfts6074s_84n3cd_9q00000gp/T/bsp-launcher8284335093903406082/bsp.socket...
The server is listening for incoming connections at local:///var/folders/__/xhxrtfts6074s_84n3cd_9q00000gp/T/bsp-launcher8284335093903406082/bsp.socket...
Starting thread that pumps stdin and redirects it to the bsp server...
Starting thread that pumps server stdout and redirects it to the client stdout...
[0m2021.02.03 17:04:07 INFO  tracing is disabled for protocol BSP, to enable tracing of incoming and outgoing JSON messages create an empty file at /Users/andrei/Library/Caches/org.scalameta.metals/bsp.trace.json[0m
[0m2021.02.03 17:04:07 INFO  Attempting to connect to the build server...[0m
Starting the bsp launcher for bloop...
[0m2021.02.03 17:04:07 INFO  Attempting to connect to the build server...[0m
Opening a bsp server connection with 'bsp --protocol local --socket /var/folders/__/xhxrtfts6074s_84n3cd_9q00000gp/T/bsp-launcher6131732967455140451/bsp.socket'...
Waiting for the bsp connection to come up...
Starting the bsp launcher for bloop...
Opening a bsp server connection with 'bsp --protocol local --socket /var/folders/__/xhxrtfts6074s_84n3cd_9q00000gp/T/bsp-launcher5869192070289133896/bsp.socket'...
Waiting for the bsp connection to come up...
[0m[32m[D][0m Loading workspace settings from bloop.settings.json
[0m[32m[D][0m Waiting for a connection at local:///var/folders/__/xhxrtfts6074s_84n3cd_9q00000gp/T/bsp-launcher6131732967455140451/bsp.socket...
The server is listening for incoming connections at local:///var/folders/__/xhxrtfts6074s_84n3cd_9q00000gp/T/bsp-launcher6131732967455140451/bsp.socket...
[0m[32m[D][0m Loading workspace settings from bloop.settings.json
[0m[32m[D][0m Waiting for a connection at local:///var/folders/__/xhxrtfts6074s_84n3cd_9q00000gp/T/bsp-launcher5869192070289133896/bsp.socket...
The server is listening for incoming connections at local:///var/folders/__/xhxrtfts6074s_84n3cd_9q00000gp/T/bsp-launcher5869192070289133896/bsp.socket...
Starting thread that pumps stdin and redirects it to the bsp server...
Starting thread that pumps stdin and redirects it to the bsp server...
Starting thread that pumps server stdout and redirects it to the client stdout...
Starting thread that pumps server stdout and redirects it to the client stdout...
[0m2021.02.03 17:04:08 INFO  tracing is disabled for protocol BSP, to enable tracing of incoming and outgoing JSON messages create an empty file at /Users/andrei/Library/Caches/org.scalameta.metals/bsp.trace.json[0m
[0m2021.02.03 17:04:08 INFO  tracing is disabled for protocol BSP, to enable tracing of incoming and outgoing JSON messages create an empty file at /Users/andrei/Library/Caches/org.scalameta.metals/bsp.trace.json[0m
[0m2021.02.03 17:04:08 INFO  time: connected to build server in 4.28s[0m
[0m2021.02.03 17:04:08 INFO  Connected to Build server v1.4.6-21-464e4ec4[0m
[0m2021.02.03 17:04:12 INFO  time: indexed workspace in 2.9s[0m
[0m2021.02.03 17:04:12 INFO  compiling root (5 scala sources)[0m
[0m2021.02.03 17:04:25 INFO  compiling root-test (1 scala source)[0m
[0m2021.02.03 17:04:25 INFO  time: compiled root in 12s[0m
[0m2021.02.03 17:04:25 INFO  time: compiled root-test in 0.49s[0m
